04-May-2020 19:01:27.848 INFO [main] org.apache.coyote.AbstractProtocol.init Initializing ProtocolHandler ["http-nio-8081"]
04-May-2020 19:01:28.046 INFO [main] org.apache.tomcat.util.net.NioSelectorPool.getSharedSelector Using a shared selector for servlet write/read
04-May-2020 19:01:28.098 INFO [main] org.apache.coyote.AbstractProtocol.init Initializing ProtocolHandler ["http-nio-8040"]
04-May-2020 19:01:28.101 INFO [main] org.apache.tomcat.util.net.NioSelectorPool.getSharedSelector Using a shared selector for servlet write/read
04-May-2020 19:01:28.120 INFO [main] org.apache.catalina.core.StandardService.startInternal Starting service [Catalina]
04-May-2020 19:01:28.126 INFO [main] org.apache.catalina.core.StandardEngine.startInternal Starting Servlet Engine: Apache Tomcat/8.5.51
04-May-2020 19:01:28.240 INFO [localhost-startStop-2] org.apache.catalina.startup.HostConfig.deployDescriptor Deploying deployment descriptor [/opt/jfrog/artifactory/app/artifactory/tomcat/conf/Catalina/localhost/artifactory.xml]
04-May-2020 19:01:28.240 INFO [localhost-startStop-1] org.apache.catalina.startup.HostConfig.deployDescriptor Deploying deployment descriptor [/opt/jfrog/artifactory/app/artifactory/tomcat/conf/Catalina/localhost/access.xml]
04-May-2020 19:01:28.373 WARNING [localhost-startStop-2] org.apache.catalina.startup.HostConfig.deployDescriptor A docBase [/opt/jfrog/artifactory/app/artifactory/tomcat/webapps/artifactory.war] inside the host appBase has been specified, and will be ignored
04-May-2020 19:01:28.374 WARNING [localhost-startStop-1] org.apache.catalina.startup.HostConfig.deployDescriptor A docBase [/opt/jfrog/artifactory/app/artifactory/tomcat/webapps/access.war] inside the host appBase has been specified, and will be ignored
04-May-2020 19:01:51.519 INFO [localhost-startStop-2] org.apache.catalina.startup.HostConfig.deployDescriptor Deployment of deployment descriptor [/opt/jfrog/artifactory/app/artifactory/tomcat/conf/Catalina/localhost/artifactory.xml] has finished in [23,275] ms
04-May-2020 19:01:59.805 INFO [localhost-startStop-1] org.apache.catalina.startup.HostConfig.deployDescriptor Deployment of deployment descriptor [/opt/jfrog/artifactory/app/artifactory/tomcat/conf/Catalina/localhost/access.xml] has finished in [31,565] ms
04-May-2020 19:01:59.811 INFO [localhost-startStop-2] org.apache.catalina.startup.HostConfig.deployDirectory Deploying web application directory [/opt/jfrog/artifactory/app/artifactory/tomcat/webapps/ROOT]
04-May-2020 19:02:00.823 INFO [localhost-startStop-2] org.apache.catalina.startup.HostConfig.deployDirectory Deployment of web application directory [/opt/jfrog/artifactory/app/artifactory/tomcat/webapps/ROOT] has finished in [1,012] ms
04-May-2020 19:02:00.840 INFO [main] org.apache.coyote.AbstractProtocol.start Starting ProtocolHandler ["http-nio-8081"]
04-May-2020 19:02:00.875 INFO [main] org.apache.coyote.AbstractProtocol.start Starting ProtocolHandler ["http-nio-8040"]
04-May-2020 19:03:51.934 INFO [main] org.apache.catalina.core.StandardServer.await A valid shutdown command was received via the shutdown port. Stopping the Server instance.
04-May-2020 19:03:51.935 INFO [main] org.apache.coyote.AbstractProtocol.pause Pausing ProtocolHandler ["http-nio-8081"]
04-May-2020 19:03:51.943 INFO [main] org.apache.coyote.AbstractProtocol.pause Pausing ProtocolHandler ["http-nio-8040"]
04-May-2020 19:03:51.948 INFO [main] org.apache.catalina.core.StandardService.stopInternal Stopping service [Catalina]
04-May-2020 19:03:57.373 INFO [main] org.apache.coyote.AbstractProtocol.stop Stopping ProtocolHandler ["http-nio-8081"]
04-May-2020 19:03:57.381 INFO [main] org.apache.coyote.AbstractProtocol.stop Stopping ProtocolHandler ["http-nio-8040"]
04-May-2020 19:03:57.391 INFO [main] org.apache.coyote.AbstractProtocol.destroy Destroying ProtocolHandler ["http-nio-8081"]
04-May-2020 19:03:57.394 INFO [main] org.apache.coyote.AbstractProtocol.destroy Destroying ProtocolHandler ["http-nio-8040"]
04-May-2020 19:07:21.607 INFO [main] org.apache.coyote.AbstractProtocol.init Initializing ProtocolHandler ["http-nio-8081"]
04-May-2020 19:07:21.656 INFO [main] org.apache.tomcat.util.net.NioSelectorPool.getSharedSelector Using a shared selector for servlet write/read
04-May-2020 19:07:21.682 INFO [main] org.apache.coyote.AbstractProtocol.init Initializing ProtocolHandler ["http-nio-8040"]
04-May-2020 19:07:21.687 INFO [main] org.apache.tomcat.util.net.NioSelectorPool.getSharedSelector Using a shared selector for servlet write/read
04-May-2020 19:07:21.713 INFO [main] org.apache.catalina.core.StandardService.startInternal Starting service [Catalina]
04-May-2020 19:07:21.716 INFO [main] org.apache.catalina.core.StandardEngine.startInternal Starting Servlet Engine: Apache Tomcat/8.5.51
04-May-2020 19:07:21.792 INFO [localhost-startStop-1] org.apache.catalina.startup.HostConfig.deployDescriptor Deploying deployment descriptor [/opt/jfrog/artifactory/app/artifactory/tomcat/conf/Catalina/localhost/access.xml]
04-May-2020 19:07:21.792 INFO [localhost-startStop-2] org.apache.catalina.startup.HostConfig.deployDescriptor Deploying deployment descriptor [/opt/jfrog/artifactory/app/artifactory/tomcat/conf/Catalina/localhost/artifactory.xml]
04-May-2020 19:07:21.858 WARNING [localhost-startStop-1] org.apache.catalina.startup.HostConfig.deployDescriptor A docBase [/opt/jfrog/artifactory/app/artifactory/tomcat/webapps/access.war] inside the host appBase has been specified, and will be ignored
04-May-2020 19:07:21.858 WARNING [localhost-startStop-2] org.apache.catalina.startup.HostConfig.deployDescriptor A docBase [/opt/jfrog/artifactory/app/artifactory/tomcat/webapps/artifactory.war] inside the host appBase has been specified, and will be ignored
04-May-2020 19:07:33.982 INFO [localhost-startStop-2] org.apache.catalina.startup.HostConfig.deployDescriptor Deployment of deployment descriptor [/opt/jfrog/artifactory/app/artifactory/tomcat/conf/Catalina/localhost/artifactory.xml] has finished in [12,189] ms
04-May-2020 19:07:54.073 INFO [localhost-startStop-1] org.apache.catalina.startup.HostConfig.deployDescriptor Deployment of deployment descriptor [/opt/jfrog/artifactory/app/artifactory/tomcat/conf/Catalina/localhost/access.xml] has finished in [32,281] ms
04-May-2020 19:07:54.104 INFO [localhost-startStop-3] org.apache.catalina.startup.HostConfig.deployDirectory Deploying web application directory [/opt/jfrog/artifactory/app/artifactory/tomcat/webapps/ROOT]
04-May-2020 19:07:54.228 INFO [localhost-startStop-3] org.apache.catalina.startup.HostConfig.deployDirectory Deployment of web application directory [/opt/jfrog/artifactory/app/artifactory/tomcat/webapps/ROOT] has finished in [123] ms
04-May-2020 19:07:54.261 INFO [main] org.apache.coyote.AbstractProtocol.start Starting ProtocolHandler ["http-nio-8081"]
04-May-2020 19:07:54.358 INFO [main] org.apache.coyote.AbstractProtocol.start Starting ProtocolHandler ["http-nio-8040"]
04-May-2020 19:08:41.883 INFO [main] org.apache.catalina.core.StandardServer.await A valid shutdown command was received via the shutdown port. Stopping the Server instance.
04-May-2020 19:08:41.950 INFO [main] org.apache.coyote.AbstractProtocol.pause Pausing ProtocolHandler ["http-nio-8081"]
04-May-2020 19:08:41.953 INFO [main] org.apache.coyote.AbstractProtocol.pause Pausing ProtocolHandler ["http-nio-8040"]
04-May-2020 19:08:41.961 INFO [main] org.apache.catalina.core.StandardService.stopInternal Stopping service [Catalina]
04-May-2020 19:08:47.263 INFO [main] org.apache.coyote.AbstractProtocol.stop Stopping ProtocolHandler ["http-nio-8081"]
04-May-2020 19:08:47.267 INFO [main] org.apache.coyote.AbstractProtocol.stop Stopping ProtocolHandler ["http-nio-8040"]
04-May-2020 19:08:47.272 INFO [main] org.apache.coyote.AbstractProtocol.destroy Destroying ProtocolHandler ["http-nio-8081"]
04-May-2020 19:08:47.275 INFO [main] org.apache.coyote.AbstractProtocol.destroy Destroying ProtocolHandler ["http-nio-8040"]
04-May-2020 19:09:13.329 INFO [main] org.apache.coyote.AbstractProtocol.init Initializing ProtocolHandler ["http-nio-8081"]
04-May-2020 19:09:13.404 INFO [main] org.apache.tomcat.util.net.NioSelectorPool.getSharedSelector Using a shared selector for servlet write/read
04-May-2020 19:09:13.445 INFO [main] org.apache.coyote.AbstractProtocol.init Initializing ProtocolHandler ["http-nio-8040"]
04-May-2020 19:09:13.468 INFO [main] org.apache.tomcat.util.net.NioSelectorPool.getSharedSelector Using a shared selector for servlet write/read
04-May-2020 19:09:13.487 INFO [main] org.apache.catalina.core.StandardService.startInternal Starting service [Catalina]
04-May-2020 19:09:13.489 INFO [main] org.apache.catalina.core.StandardEngine.startInternal Starting Servlet Engine: Apache Tomcat/8.5.51
04-May-2020 19:09:13.541 INFO [localhost-startStop-2] org.apache.catalina.startup.HostConfig.deployDescriptor Deploying deployment descriptor [/opt/jfrog/artifactory/app/artifactory/tomcat/conf/Catalina/localhost/artifactory.xml]
04-May-2020 19:09:13.541 INFO [localhost-startStop-1] org.apache.catalina.startup.HostConfig.deployDescriptor Deploying deployment descriptor [/opt/jfrog/artifactory/app/artifactory/tomcat/conf/Catalina/localhost/access.xml]
04-May-2020 19:09:13.710 WARNING [localhost-startStop-2] org.apache.catalina.startup.HostConfig.deployDescriptor A docBase [/opt/jfrog/artifactory/app/artifactory/tomcat/webapps/artifactory.war] inside the host appBase has been specified, and will be ignored
04-May-2020 19:09:13.711 WARNING [localhost-startStop-1] org.apache.catalina.startup.HostConfig.deployDescriptor A docBase [/opt/jfrog/artifactory/app/artifactory/tomcat/webapps/access.war] inside the host appBase has been specified, and will be ignored
04-May-2020 19:09:26.195 INFO [localhost-startStop-2] org.apache.catalina.startup.HostConfig.deployDescriptor Deployment of deployment descriptor [/opt/jfrog/artifactory/app/artifactory/tomcat/conf/Catalina/localhost/artifactory.xml] has finished in [12,648] ms
04-May-2020 19:09:45.245 INFO [localhost-startStop-1] org.apache.catalina.startup.HostConfig.deployDescriptor Deployment of deployment descriptor [/opt/jfrog/artifactory/app/artifactory/tomcat/conf/Catalina/localhost/access.xml] has finished in [31,704] ms
04-May-2020 19:09:45.250 INFO [localhost-startStop-3] org.apache.catalina.startup.HostConfig.deployDirectory Deploying web application directory [/opt/jfrog/artifactory/app/artifactory/tomcat/webapps/ROOT]
04-May-2020 19:09:45.278 INFO [localhost-startStop-3] org.apache.catalina.startup.HostConfig.deployDirectory Deployment of web application directory [/opt/jfrog/artifactory/app/artifactory/tomcat/webapps/ROOT] has finished in [28] ms
04-May-2020 19:09:45.286 INFO [main] org.apache.coyote.AbstractProtocol.start Starting ProtocolHandler ["http-nio-8081"]
04-May-2020 19:09:45.327 INFO [main] org.apache.coyote.AbstractProtocol.start Starting ProtocolHandler ["http-nio-8040"]
04-May-2020 19:10:23.687 INFO [main] org.apache.catalina.core.StandardServer.await A valid shutdown command was received via the shutdown port. Stopping the Server instance.
04-May-2020 19:10:23.692 INFO [main] org.apache.coyote.AbstractProtocol.pause Pausing ProtocolHandler ["http-nio-8081"]
04-May-2020 19:10:23.701 INFO [main] org.apache.coyote.AbstractProtocol.pause Pausing ProtocolHandler ["http-nio-8040"]
04-May-2020 19:10:23.714 INFO [main] org.apache.catalina.core.StandardService.stopInternal Stopping service [Catalina]
04-May-2020 19:10:49.813 INFO [main] org.apache.coyote.AbstractProtocol.init Initializing ProtocolHandler ["http-nio-8081"]
04-May-2020 19:10:49.861 INFO [main] org.apache.tomcat.util.net.NioSelectorPool.getSharedSelector Using a shared selector for servlet write/read
04-May-2020 19:10:49.902 INFO [main] org.apache.coyote.AbstractProtocol.init Initializing ProtocolHandler ["http-nio-8040"]
04-May-2020 19:10:49.906 INFO [main] org.apache.tomcat.util.net.NioSelectorPool.getSharedSelector Using a shared selector for servlet write/read
04-May-2020 19:10:49.931 INFO [main] org.apache.catalina.core.StandardService.startInternal Starting service [Catalina]
04-May-2020 19:10:49.933 INFO [main] org.apache.catalina.core.StandardEngine.startInternal Starting Servlet Engine: Apache Tomcat/8.5.51
04-May-2020 19:10:49.978 INFO [localhost-startStop-1] org.apache.catalina.startup.HostConfig.deployDescriptor Deploying deployment descriptor [/opt/jfrog/artifactory/app/artifactory/tomcat/conf/Catalina/localhost/access.xml]
04-May-2020 19:10:49.980 INFO [localhost-startStop-2] org.apache.catalina.startup.HostConfig.deployDescriptor Deploying deployment descriptor [/opt/jfrog/artifactory/app/artifactory/tomcat/conf/Catalina/localhost/artifactory.xml]
04-May-2020 19:10:50.069 WARNING [localhost-startStop-1] org.apache.catalina.startup.HostConfig.deployDescriptor A docBase [/opt/jfrog/artifactory/app/artifactory/tomcat/webapps/access.war] inside the host appBase has been specified, and will be ignored
04-May-2020 19:10:50.069 WARNING [localhost-startStop-2] org.apache.catalina.startup.HostConfig.deployDescriptor A docBase [/opt/jfrog/artifactory/app/artifactory/tomcat/webapps/artifactory.war] inside the host appBase has been specified, and will be ignored
04-May-2020 19:11:45.696 INFO [main] org.apache.coyote.AbstractProtocol.init Initializing ProtocolHandler ["http-nio-8081"]
04-May-2020 19:11:45.765 INFO [main] org.apache.tomcat.util.net.NioSelectorPool.getSharedSelector Using a shared selector for servlet write/read
04-May-2020 19:11:45.815 INFO [main] org.apache.coyote.AbstractProtocol.init Initializing ProtocolHandler ["http-nio-8040"]
04-May-2020 19:11:45.822 INFO [main] org.apache.tomcat.util.net.NioSelectorPool.getSharedSelector Using a shared selector for servlet write/read
04-May-2020 19:11:45.852 INFO [main] org.apache.catalina.core.StandardService.startInternal Starting service [Catalina]
04-May-2020 19:11:45.859 INFO [main] org.apache.catalina.core.StandardEngine.startInternal Starting Servlet Engine: Apache Tomcat/8.5.51
04-May-2020 19:11:45.937 INFO [localhost-startStop-1] org.apache.catalina.startup.HostConfig.deployDescriptor Deploying deployment descriptor [/opt/jfrog/artifactory/app/artifactory/tomcat/conf/Catalina/localhost/access.xml]
04-May-2020 19:11:45.941 INFO [localhost-startStop-2] org.apache.catalina.startup.HostConfig.deployDescriptor Deploying deployment descriptor [/opt/jfrog/artifactory/app/artifactory/tomcat/conf/Catalina/localhost/artifactory.xml]
04-May-2020 19:11:46.069 WARNING [localhost-startStop-1] org.apache.catalina.startup.HostConfig.deployDescriptor A docBase [/opt/jfrog/artifactory/app/artifactory/tomcat/webapps/access.war] inside the host appBase has been specified, and will be ignored
04-May-2020 19:11:46.080 WARNING [localhost-startStop-2] org.apache.catalina.startup.HostConfig.deployDescriptor A docBase [/opt/jfrog/artifactory/app/artifactory/tomcat/webapps/artifactory.war] inside the host appBase has been specified, and will be ignored
04-May-2020 19:11:57.909 INFO [localhost-startStop-2] org.apache.catalina.startup.HostConfig.deployDescriptor Deployment of deployment descriptor [/opt/jfrog/artifactory/app/artifactory/tomcat/conf/Catalina/localhost/artifactory.xml] has finished in [11,959] ms
04-May-2020 19:12:14.391 INFO [localhost-startStop-1] org.apache.catalina.startup.HostConfig.deployDescriptor Deployment of deployment descriptor [/opt/jfrog/artifactory/app/artifactory/tomcat/conf/Catalina/localhost/access.xml] has finished in [28,454] ms
04-May-2020 19:12:14.400 INFO [localhost-startStop-3] org.apache.catalina.startup.HostConfig.deployDirectory Deploying web application directory [/opt/jfrog/artifactory/app/artifactory/tomcat/webapps/ROOT]
04-May-2020 19:12:14.432 INFO [localhost-startStop-3] org.apache.catalina.startup.HostConfig.deployDirectory Deployment of web application directory [/opt/jfrog/artifactory/app/artifactory/tomcat/webapps/ROOT] has finished in [32] ms
04-May-2020 19:12:14.441 INFO [main] org.apache.coyote.AbstractProtocol.start Starting ProtocolHandler ["http-nio-8081"]
04-May-2020 19:12:14.475 INFO [main] org.apache.coyote.AbstractProtocol.start Starting ProtocolHandler ["http-nio-8040"]
