2020-05-04T19:01:36.682Z [jfac ] [INFO ] [32ce89752f8e260f] [licationContextInitializer:162] [ocalhost-startStop-1] - Access (jfac) service initialization started. Version: 5.3.9 Revision: 50309900 PID: 2988 Home: /opt/jfrog/artifactory
2020-05-04T19:01:36.766Z [jfac ] [INFO ] [32ce89752f8e260f] [o.j.a.AccessApplication:50    ] [ocalhost-startStop-1] - Starting AccessApplication v5.3.9 on f85c50496f48 with PID 2988 (/opt/jfrog/artifactory/app/artifactory/tomcat/webapps/access/WEB-INF/lib/access-application-5.3.9.jar started by artifactory in /var/opt/jfrog/artifactory)
2020-05-04T19:01:36.770Z [jfac ] [INFO ] [32ce89752f8e260f] [o.j.a.AccessApplication:651   ] [ocalhost-startStop-1] - The following profiles are active: production
2020-05-04T19:01:43.307Z [jfac ] [INFO ] [32ce89752f8e260f] [s.d.u.AccessJdbcHelperImpl:138] [ocalhost-startStop-1] - Database: Apache Derby 10.14.2.0 - (1828579). Driver: Apache Derby Embedded JDBC Driver 10.14.2.0 - (1828579)
2020-05-04T19:01:43.317Z [jfac ] [INFO ] [32ce89752f8e260f] [s.d.u.AccessJdbcHelperImpl:141] [ocalhost-startStop-1] - Connection URL: jdbc:derby:/opt/jfrog/artifactory/var/data/access/derby
2020-05-04T19:01:43.643Z [jfac ] [INFO ] [32ce89752f8e260f] [s.d.u.AccessJdbcHelperImpl:150] [ocalhost-startStop-1] - ***Creating database schema***
2020-05-04T19:01:45.282Z [jfac ] [INFO ] [32ce89752f8e260f] [s.d.u.AccessJdbcHelperImpl:166] [ocalhost-startStop-1] - Setting new schema baseline to latest version: 4.7
2020-05-04T19:01:46.092Z [jfac ] [INFO ] [32ce89752f8e260f] [alConfigurationServiceBase:179] [ocalhost-startStop-1] - Configuration data wasn't found in db. Loading defaults
2020-05-04T19:01:46.643Z [jfac ] [INFO ] [32ce89752f8e260f] [.h.AccessNodeIdProviderImpl:69] [ocalhost-startStop-1] - Service id initialized: jfac@01e7gh1jzpjqf611kj5rvk1nkt
2020-05-04T19:01:46.862Z [jfac ] [INFO ] [32ce89752f8e260f] [a.k.m.MasterKeyBootstrapper:70] [ocalhost-startStop-1] - No master.key supplied. Generating master.key
2020-05-04T19:01:47.102Z [jfac ] [INFO ] [32ce89752f8e260f] [.k.m.MasterKeyBootstrapper:145] [ocalhost-startStop-1] - Saving master.key to /opt/jfrog/artifactory/var/etc/security/master.key
2020-05-04T19:01:47.897Z [jfac ] [INFO ] [32ce89752f8e260f] [j.a.s.s.t.TokenServiceImpl:106] [ocalhost-startStop-1] - Scheduling task for revoking expired tokens using cron expression: 0 0 0/1 * * ?
2020-05-04T19:01:49.476Z [jfac ] [INFO ] [32ce89752f8e260f] [.AccessServerBootstrapImpl:124] [ocalhost-startStop-1] - [ACCESS BOOTSTRAP] Starting JFrog Access bootstrap...
2020-05-04T19:01:49.509Z [jfac ] [INFO ] [32ce89752f8e260f] [s.s.CertificateInitializer:363] [ocalhost-startStop-1] - [ACCESS BOOTSTRAP] Generating private key and root certificate
2020-05-04T19:01:50.441Z [jfac ] [INFO ] [32ce89752f8e260f] [.m.CertificateMigrationImpl:72] [ocalhost-startStop-1] - [Certificate Migration] Recreating root certificate to match current certificate version
2020-05-04T19:01:50.451Z [jfac ] [INFO ] [32ce89752f8e260f] [.m.CertificateMigrationImpl:94] [ocalhost-startStop-1] - [Certificate Migration] Creating root certificate for version: null
2020-05-04T19:01:51.030Z [jfac ] [INFO ] [32ce89752f8e260f] [.m.CertificateMigrationImpl:83] [ocalhost-startStop-1] - [Certificate Migration] Saved new root certificate in: /opt/jfrog/artifactory/var/etc/access/keys/root.crt
2020-05-04T19:01:51.630Z [jfac ] [INFO ] [32ce89752f8e260f] [s.s.CertificateInitializer:363] [ocalhost-startStop-1] - [ACCESS BOOTSTRAP] Generating private key and ca certificate
2020-05-04T19:01:51.746Z [jfac ] [INFO ] [32ce89752f8e260f] [s.CACertificateInitializer:116] [ocalhost-startStop-1] - [CA Certificate] Building CA certificate
2020-05-04T19:01:51.771Z [jfac ] [INFO ] [32ce89752f8e260f] [s.CACertificateInitializer:163] [ocalhost-startStop-1] - [CA Certificate] Saved new ca certificate in: /opt/jfrog/artifactory/var/etc/access/keys/ca.crt
2020-05-04T19:01:51.961Z [jfac ] [INFO ] [32ce89752f8e260f] [o.j.a.s.r.s.GrpcServerImpl:62 ] [ocalhost-startStop-1] - Starting gRPC Server on port 8045
2020-05-04T19:01:52.360Z [jfac ] [INFO ] [32ce89752f8e260f] [o.j.a.s.r.s.GrpcServerImpl:80 ] [ocalhost-startStop-1] - gRPC Server started, listening on 8045
2020-05-04T19:01:52.836Z [jfac ] [INFO ] [32ce89752f8e260f] [.AccessServerBootstrapImpl:143] [ocalhost-startStop-1] - [ACCESS BOOTSTRAP] JFrog Access bootstrap finished.
2020-05-04T19:01:54.854Z [jfac ] [INFO ] [32ce89752f8e260f] [o.j.a.s.s.JoinKeyAccess:166   ] [ocalhost-startStop-1] - Cluster join: Join key loaded successfully (from: generated)
2020-05-04T19:01:54.968Z [jfac ] [INFO ] [8c5febd657faac88] [a.c.RefreshableScheduledJob:53] [ocalhost-startStop-1] - Scheduling heartbeat task to run every 5 seconds
2020-05-04T19:01:54.985Z [jfac ] [INFO ] [8c5febd657faac88] [a.c.RefreshableScheduledJob:53] [ocalhost-startStop-1] - Scheduling federationCleanupService task to run every 1209600 seconds
2020-05-04T19:01:55.061Z [jfac ] [INFO ] [87c25fa4f98ae11 ] [a.c.RefreshableScheduledJob:53] [ocalhost-startStop-1] - Scheduling loadCertificates task to run every 30 seconds
2020-05-04T19:01:55.084Z [jfac ] [INFO ] [87c25fa4f98ae11 ] [a.c.RefreshableScheduledJob:53] [ocalhost-startStop-1] - Scheduling staleTokenCleanup task to run every 3600 seconds
2020-05-04T19:01:59.760Z [jfac ] [INFO ] [87c25fa4f98ae11 ] [o.j.a.AccessApplication:59    ] [ocalhost-startStop-1] - Started AccessApplication in 27.139 seconds (JVM running for 36.943)
2020-05-04T19:02:02.470Z [jfac ] [WARN ] [32ce89752f8e260f] [o.j.c.ExecutionUtils:141      ] [pool-6-thread-2     ] - Retry 20 Elapsed 9.67 secs failed: Registration with router on URL http://localhost:8046 failed with error: UNAVAILABLE: io exception. Trying again
2020-05-04T19:02:04.300Z [jfac ] [INFO ] [7aa0e07225a97243] [a.c.RefreshableScheduledJob:53] [http-nio-8040-exec-1] - Scheduling federationCleanupService task to run every 1209600 seconds
2020-05-04T19:02:04.305Z [jfac ] [INFO ] [dbf343cebd95b490] [.f.FederationCleanupService:59] [jf-access-task1     ] - Running clean up of outdated Federation events
2020-05-04T19:02:04.809Z [jfac ] [INFO ] [7aa0e07225a97243] [s.r.NodeRegistryServiceImpl:63] [http-nio-8040-exec-1] - Cluster join: Successfully joined jfrou@01e7gh1vnsmkrfkfs5bjywmka9 with node id f85c50496f48
2020-05-04T19:02:07.538Z [jfac ] [WARN ] [32ce89752f8e260f] [o.j.c.ExecutionUtils:141      ] [pool-6-thread-2     ] - Retry 30 Elapsed 14.74 secs failed: Registration with router on URL http://localhost:8046 failed with error: UNAVAILABLE: io exception. Trying again
2020-05-04T19:02:11.476Z [jfac ] [INFO ] [32ce89752f8e260f] [.AccessWithRouterRegistrar:106] [pool-6-thread-1     ] - Access Server successfully registered on Router on URL: http://localhost:8046
2020-05-04T19:02:11.910Z [jfac ] [INFO ] [32ce89752f8e260f] [.AccessServerBootstrapImpl:178] [pool-6-thread-1     ] - [ACCESS BOOTSTRAP] Updating server 'f85c50496f48' private key finger print to: 4ee2f569a7ee1ce5036c289cde93e3b405184d282e51ff06c3482a3d5fb68cff ca private key finger print to: 293e5eadc730f18863f25eedf8415262f7cffb61aa3f510df6209a1dd223586e
2020-05-04T19:02:12.161Z [jfac ] [INFO ] [6e113af869e7d455] [a.c.RefreshableScheduledJob:53] [http-nio-8040-exec-6] - Scheduling federationCleanupService task to run every 1209600 seconds
2020-05-04T19:02:12.239Z [jfac ] [INFO ] [afdb62cbec35d72c] [.f.FederationCleanupService:59] [jf-access-task1     ] - Running clean up of outdated Federation events
2020-05-04T19:02:12.969Z [jfac ] [INFO ] [6e113af869e7d455] [s.r.NodeRegistryServiceImpl:63] [http-nio-8040-exec-6] - Cluster join: Successfully joined jfmd@01e7gh1za6qz2t4vmqtcnbe4vr with node id f85c50496f48
2020-05-04T19:02:14.486Z [jfac ] [INFO ] [1a7589222ca6d808] [a.c.RefreshableScheduledJob:53] [ttp-nio-8040-exec-10] - Scheduling federationCleanupService task to run every 1209600 seconds
2020-05-04T19:02:14.489Z [jfac ] [INFO ] [6f45f7e5f8f9e615] [.f.FederationCleanupService:59] [jf-access-task1     ] - Running clean up of outdated Federation events
2020-05-04T19:02:14.595Z [jfac ] [INFO ] [1a7589222ca6d808] [s.r.NodeRegistryServiceImpl:63] [ttp-nio-8040-exec-10] - Cluster join: Successfully joined jfrt@01e7gh2d0pr6jb13k3zmwt0tvb with node id f85c50496f48
2020-05-04T19:02:16.716Z [jfac ] [INFO ] [455d79c62fa5dc3f] [.AccessImporterExporterImpl:71] [http-nio-8040-exec-5] - Exporting NodeIdServiceId...
2020-05-04T19:02:16.730Z [jfac ] [INFO ] [455d79c62fa5dc3f] [.AccessImporterExporterImpl:71] [http-nio-8040-exec-5] - Exporting users...
2020-05-04T19:02:16.761Z [jfac ] [INFO ] [455d79c62fa5dc3f] [.AccessImporterExporterImpl:71] [http-nio-8040-exec-5] - Exporting tokens...
2020-05-04T19:02:16.773Z [jfac ] [INFO ] [455d79c62fa5dc3f] [.d.TokenStorageServiceImpl:194] [http-nio-8040-exec-5] - Filtered out 4 system tokens from export
2020-05-04T19:02:16.779Z [jfac ] [INFO ] [455d79c62fa5dc3f] [.AccessImporterExporterImpl:71] [http-nio-8040-exec-5] - Exporting federation_events...
2020-05-04T19:02:16.785Z [jfac ] [INFO ] [455d79c62fa5dc3f] [.AccessImporterExporterImpl:71] [http-nio-8040-exec-5] - Exporting federation_servers...
2020-05-04T19:02:16.891Z [jfac ] [INFO ] [455d79c62fa5dc3f] [.AccessImporterExporterImpl:71] [http-nio-8040-exec-5] - Exporting permissions...
2020-05-04T19:02:16.898Z [jfac ] [INFO ] [455d79c62fa5dc3f] [.AccessImporterExporterImpl:71] [http-nio-8040-exec-5] - Exporting groups...
2020-05-04T19:02:16.900Z [jfac ] [INFO ] [455d79c62fa5dc3f] [.AccessImporterExporterImpl:71] [http-nio-8040-exec-5] - Exporting config...
2020-05-04T19:02:16.921Z [jfac ] [INFO ] [455d79c62fa5dc3f] [.AccessImporterExporterImpl:71] [http-nio-8040-exec-5] - Exporting encryption...
2020-05-04T19:07:28.228Z [jfac ] [INFO ] [e5b62c4421b924a8] [licationContextInitializer:162] [ocalhost-startStop-1] - Access (jfac) service initialization started. Version: 5.3.9 Revision: 50309900 PID: 3128 Home: /opt/jfrog/artifactory
2020-05-04T19:07:28.463Z [jfac ] [INFO ] [e5b62c4421b924a8] [o.j.a.AccessApplication:50    ] [ocalhost-startStop-1] - Starting AccessApplication v5.3.9 on 27f7762b598b with PID 3128 (/opt/jfrog/artifactory/app/artifactory/tomcat/webapps/access/WEB-INF/lib/access-application-5.3.9.jar started by artifactory in /var/opt/jfrog/artifactory)
2020-05-04T19:07:28.476Z [jfac ] [INFO ] [e5b62c4421b924a8] [o.j.a.AccessApplication:651   ] [ocalhost-startStop-1] - The following profiles are active: production
2020-05-04T19:07:40.057Z [jfac ] [INFO ] [e5b62c4421b924a8] [s.d.u.AccessJdbcHelperImpl:138] [ocalhost-startStop-1] - Database: Apache Derby 10.14.2.0 - (1828579). Driver: Apache Derby Embedded JDBC Driver 10.14.2.0 - (1828579)
2020-05-04T19:07:40.073Z [jfac ] [INFO ] [e5b62c4421b924a8] [s.d.u.AccessJdbcHelperImpl:141] [ocalhost-startStop-1] - Connection URL: jdbc:derby:/opt/jfrog/artifactory/var/data/access/derby
2020-05-04T19:07:41.458Z [jfac ] [INFO ] [e5b62c4421b924a8] [alConfigurationServiceBase:182] [ocalhost-startStop-1] - Loading configuration from db finished successfully
2020-05-04T19:07:42.180Z [jfac ] [INFO ] [e5b62c4421b924a8] [.h.AccessNodeIdProviderImpl:69] [ocalhost-startStop-1] - Service id initialized: jfac@01e7gh1jzpjqf611kj5rvk1nkt
2020-05-04T19:07:43.349Z [jfac ] [INFO ] [e5b62c4421b924a8] [j.a.s.s.t.TokenServiceImpl:106] [ocalhost-startStop-1] - Scheduling task for revoking expired tokens using cron expression: 0 0 0/1 * * ?
2020-05-04T19:07:44.442Z [jfac ] [INFO ] [e5b62c4421b924a8] [.AccessServerBootstrapImpl:124] [ocalhost-startStop-1] - [ACCESS BOOTSTRAP] Starting JFrog Access bootstrap...
2020-05-04T19:07:46.396Z [jfac ] [INFO ] [e5b62c4421b924a8] [o.j.a.s.r.s.GrpcServerImpl:62 ] [ocalhost-startStop-1] - Starting gRPC Server on port 8045
2020-05-04T19:07:46.973Z [jfac ] [INFO ] [e5b62c4421b924a8] [o.j.a.s.r.s.GrpcServerImpl:80 ] [ocalhost-startStop-1] - gRPC Server started, listening on 8045
2020-05-04T19:07:47.269Z [jfac ] [INFO ] [e5b62c4421b924a8] [.AccessServerBootstrapImpl:143] [ocalhost-startStop-1] - [ACCESS BOOTSTRAP] JFrog Access bootstrap finished.
2020-05-04T19:07:49.861Z [jfac ] [INFO ] [e5b62c4421b924a8] [o.j.a.s.s.JoinKeyAccess:166   ] [ocalhost-startStop-1] - Cluster join: Join key loaded successfully (from: /opt/jfrog/artifactory/var/etc/security/join.key)
2020-05-04T19:07:50.458Z [jfac ] [INFO ] [9b045a12cb29fa7c] [a.c.RefreshableScheduledJob:53] [ocalhost-startStop-1] - Scheduling heartbeat task to run every 5 seconds
2020-05-04T19:07:50.476Z [jfac ] [INFO ] [9b045a12cb29fa7c] [a.c.RefreshableScheduledJob:53] [ocalhost-startStop-1] - Scheduling federationCleanupService task to run every 1209600 seconds
2020-05-04T19:07:50.539Z [jfac ] [INFO ] [b6017abe0b9c7036] [a.c.RefreshableScheduledJob:53] [ocalhost-startStop-1] - Scheduling loadCertificates task to run every 30 seconds
2020-05-04T19:07:50.566Z [jfac ] [INFO ] [b6017abe0b9c7036] [a.c.RefreshableScheduledJob:53] [ocalhost-startStop-1] - Scheduling staleTokenCleanup task to run every 3600 seconds
2020-05-04T19:07:53.941Z [jfac ] [INFO ] [b6017abe0b9c7036] [o.j.a.AccessApplication:59    ] [ocalhost-startStop-1] - Started AccessApplication in 29.295 seconds (JVM running for 33.908)
2020-05-04T19:07:56.912Z [jfac ] [WARN ] [e5b62c4421b924a8] [o.j.c.ExecutionUtils:141      ] [pool-6-thread-2     ] - Retry 20 Elapsed 9.65 secs failed: Registration with router on URL http://localhost:8046 failed with error: UNAVAILABLE: io exception. Trying again
2020-05-04T19:08:01.214Z [jfac ] [INFO ] [6ad451b3bf089652] [s.r.NodeRegistryServiceImpl:63] [http-nio-8040-exec-3] - Cluster join: Successfully joined jfrou@01e7gh1vnsmkrfkfs5bjywmka9 with node id 27f7762b598b
2020-05-04T19:08:02.136Z [jfac ] [WARN ] [e5b62c4421b924a8] [o.j.c.ExecutionUtils:141      ] [pool-6-thread-2     ] - Retry 30 Elapsed 14.87 secs failed: Registration with router on URL http://localhost:8046 failed with error: UNAVAILABLE: io exception. Trying again
2020-05-04T19:08:03.777Z [jfac ] [INFO ] [e5b62c4421b924a8] [.AccessWithRouterRegistrar:106] [pool-6-thread-1     ] - Access Server successfully registered on Router on URL: http://localhost:8046
2020-05-04T19:08:06.296Z [jfac ] [INFO ] [13a6b9af29839030] [s.r.NodeRegistryServiceImpl:63] [http-nio-8040-exec-8] - Cluster join: Successfully joined jfrt@01e7gh2d0pr6jb13k3zmwt0tvb with node id 27f7762b598b
2020-05-04T19:08:06.380Z [jfac ] [INFO ] [498b6849b3b4f9dd] [s.r.NodeRegistryServiceImpl:63] [ttp-nio-8040-exec-10] - Cluster join: Successfully joined jfmd@01e7gh1za6qz2t4vmqtcnbe4vr with node id 27f7762b598b
2020-05-04T19:08:06.842Z [jfac ] [INFO ] [e5b62c4421b924a8] [.AccessServerBootstrapImpl:178] [pool-6-thread-1     ] - [ACCESS BOOTSTRAP] Updating server '27f7762b598b' private key finger print to: 4ee2f569a7ee1ce5036c289cde93e3b405184d282e51ff06c3482a3d5fb68cff ca private key finger print to: 293e5eadc730f18863f25eedf8415262f7cffb61aa3f510df6209a1dd223586e
2020-05-04T19:08:19.494Z [jfac ] [INFO ] [57d230799a266a9a] [a.c.RefreshableScheduledJob:53] [http-nio-8040-exec-8] - Scheduling federationCleanupService task to run every 1209600 seconds
2020-05-04T19:08:19.498Z [jfac ] [INFO ] [7d0e09b6a69042a0] [.f.FederationCleanupService:59] [jf-access-task1     ] - Running clean up of outdated Federation events
2020-05-04T19:08:19.607Z [jfac ] [INFO ] [57d230799a266a9a] [s.r.NodeRegistryServiceImpl:63] [http-nio-8040-exec-8] - Cluster join: Successfully joined jffe@000 with node id 27f7762b598b
2020-05-04T19:08:26.876Z [jfac ] [INFO ] [                ] [alConfigurationServiceBase:182] [c-default-executor-0] - Loading configuration from db finished successfully
2020-05-04T19:09:22.734Z [jfac ] [INFO ] [bc3f61e900ecfbb5] [licationContextInitializer:162] [ocalhost-startStop-1] - Access (jfac) service initialization started. Version: 5.3.9 Revision: 50309900 PID: 3138 Home: /opt/jfrog/artifactory
2020-05-04T19:09:22.876Z [jfac ] [INFO ] [bc3f61e900ecfbb5] [o.j.a.AccessApplication:50    ] [ocalhost-startStop-1] - Starting AccessApplication v5.3.9 on 41cfea491b81 with PID 3138 (/opt/jfrog/artifactory/app/artifactory/tomcat/webapps/access/WEB-INF/lib/access-application-5.3.9.jar started by artifactory in /var/opt/jfrog/artifactory)
2020-05-04T19:09:22.887Z [jfac ] [INFO ] [bc3f61e900ecfbb5] [o.j.a.AccessApplication:651   ] [ocalhost-startStop-1] - The following profiles are active: production
2020-05-04T19:09:35.119Z [jfac ] [INFO ] [bc3f61e900ecfbb5] [s.d.u.AccessJdbcHelperImpl:138] [ocalhost-startStop-1] - Database: Apache Derby 10.14.2.0 - (1828579). Driver: Apache Derby Embedded JDBC Driver 10.14.2.0 - (1828579)
2020-05-04T19:09:35.122Z [jfac ] [INFO ] [bc3f61e900ecfbb5] [s.d.u.AccessJdbcHelperImpl:141] [ocalhost-startStop-1] - Connection URL: jdbc:derby:/opt/jfrog/artifactory/var/data/access/derby
2020-05-04T19:09:36.484Z [jfac ] [INFO ] [bc3f61e900ecfbb5] [alConfigurationServiceBase:182] [ocalhost-startStop-1] - Loading configuration from db finished successfully
2020-05-04T19:09:36.998Z [jfac ] [INFO ] [bc3f61e900ecfbb5] [.h.AccessNodeIdProviderImpl:69] [ocalhost-startStop-1] - Service id initialized: jfac@01e7gh1jzpjqf611kj5rvk1nkt
2020-05-04T19:09:37.989Z [jfac ] [INFO ] [bc3f61e900ecfbb5] [j.a.s.s.t.TokenServiceImpl:106] [ocalhost-startStop-1] - Scheduling task for revoking expired tokens using cron expression: 0 0 0/1 * * ?
2020-05-04T19:09:38.963Z [jfac ] [INFO ] [bc3f61e900ecfbb5] [.AccessServerBootstrapImpl:124] [ocalhost-startStop-1] - [ACCESS BOOTSTRAP] Starting JFrog Access bootstrap...
2020-05-04T19:09:40.220Z [jfac ] [INFO ] [bc3f61e900ecfbb5] [o.j.a.s.r.s.GrpcServerImpl:62 ] [ocalhost-startStop-1] - Starting gRPC Server on port 8045
2020-05-04T19:09:40.571Z [jfac ] [INFO ] [bc3f61e900ecfbb5] [o.j.a.s.r.s.GrpcServerImpl:80 ] [ocalhost-startStop-1] - gRPC Server started, listening on 8045
2020-05-04T19:09:40.838Z [jfac ] [INFO ] [bc3f61e900ecfbb5] [.AccessServerBootstrapImpl:143] [ocalhost-startStop-1] - [ACCESS BOOTSTRAP] JFrog Access bootstrap finished.
2020-05-04T19:09:42.722Z [jfac ] [INFO ] [bc3f61e900ecfbb5] [o.j.a.s.s.JoinKeyAccess:166   ] [ocalhost-startStop-1] - Cluster join: Join key loaded successfully (from: /opt/jfrog/artifactory/var/etc/security/join.key)
2020-05-04T19:09:42.941Z [jfac ] [INFO ] [53f89d6bd856cc97] [a.c.RefreshableScheduledJob:53] [ocalhost-startStop-1] - Scheduling heartbeat task to run every 5 seconds
2020-05-04T19:09:42.951Z [jfac ] [INFO ] [53f89d6bd856cc97] [a.c.RefreshableScheduledJob:53] [ocalhost-startStop-1] - Scheduling federationCleanupService task to run every 1209600 seconds
2020-05-04T19:09:42.983Z [jfac ] [INFO ] [6575a3c60e404fa1] [a.c.RefreshableScheduledJob:53] [ocalhost-startStop-1] - Scheduling loadCertificates task to run every 30 seconds
2020-05-04T19:09:42.992Z [jfac ] [INFO ] [6575a3c60e404fa1] [a.c.RefreshableScheduledJob:53] [ocalhost-startStop-1] - Scheduling staleTokenCleanup task to run every 3600 seconds
2020-05-04T19:09:45.205Z [jfac ] [INFO ] [6575a3c60e404fa1] [o.j.a.AccessApplication:59    ] [ocalhost-startStop-1] - Started AccessApplication in 27.478 seconds (JVM running for 33.676)
2020-05-04T19:09:47.595Z [jfac ] [INFO ] [1e02191a6f0b88db] [s.r.NodeRegistryServiceImpl:63] [http-nio-8040-exec-3] - Cluster join: Successfully joined jfrou@01e7gh1vnsmkrfkfs5bjywmka9 with node id 41cfea491b81
2020-05-04T19:09:50.273Z [jfac ] [WARN ] [bc3f61e900ecfbb5] [o.j.c.ExecutionUtils:141      ] [pool-6-thread-2     ] - Retry 20 Elapsed 9.44 secs failed: Registration with router on URL http://localhost:8046 failed with error: UNAVAILABLE: io exception. Trying again
2020-05-04T19:09:51.400Z [jfac ] [INFO ] [bc3f61e900ecfbb5] [.AccessWithRouterRegistrar:106] [pool-6-thread-2     ] - Access Server successfully registered on Router on URL: http://localhost:8046
2020-05-04T19:09:52.448Z [jfac ] [INFO ] [bc3f61e900ecfbb5] [.AccessServerBootstrapImpl:178] [pool-6-thread-2     ] - [ACCESS BOOTSTRAP] Updating server '41cfea491b81' private key finger print to: 4ee2f569a7ee1ce5036c289cde93e3b405184d282e51ff06c3482a3d5fb68cff ca private key finger print to: 293e5eadc730f18863f25eedf8415262f7cffb61aa3f510df6209a1dd223586e
2020-05-04T19:09:52.652Z [jfac ] [INFO ] [1949cd12f8ad299c] [s.r.NodeRegistryServiceImpl:63] [http-nio-8040-exec-8] - Cluster join: Successfully joined jfrt@01e7gh2d0pr6jb13k3zmwt0tvb with node id 41cfea491b81
2020-05-04T19:09:52.840Z [jfac ] [INFO ] [302a6c1005b6d8f5] [s.r.NodeRegistryServiceImpl:63] [http-nio-8040-exec-9] - Cluster join: Successfully joined jfmd@01e7gh1za6qz2t4vmqtcnbe4vr with node id 41cfea491b81
2020-05-04T19:10:04.632Z [jfac ] [INFO ] [75aa26269d94c4b6] [s.r.NodeRegistryServiceImpl:63] [http-nio-8040-exec-8] - Cluster join: Successfully joined jffe@000 with node id 41cfea491b81
2020-05-04T19:10:13.018Z [jfac ] [INFO ] [                ] [alConfigurationServiceBase:182] [c-default-executor-1] - Loading configuration from db finished successfully
2020-05-04T19:11:53.634Z [jfac ] [INFO ] [2bdf88d784109797] [licationContextInitializer:162] [ocalhost-startStop-1] - Access (jfac) service initialization started. Version: 5.3.9 Revision: 50309900 PID: 3137 Home: /opt/jfrog/artifactory
2020-05-04T19:11:53.794Z [jfac ] [INFO ] [2bdf88d784109797] [o.j.a.AccessApplication:50    ] [ocalhost-startStop-1] - Starting AccessApplication v5.3.9 on 8c82f15967bb with PID 3137 (/opt/jfrog/artifactory/app/artifactory/tomcat/webapps/access/WEB-INF/lib/access-application-5.3.9.jar started by artifactory in /var/opt/jfrog/artifactory)
2020-05-04T19:11:53.807Z [jfac ] [INFO ] [2bdf88d784109797] [o.j.a.AccessApplication:651   ] [ocalhost-startStop-1] - The following profiles are active: production
2020-05-04T19:12:03.038Z [jfac ] [INFO ] [2bdf88d784109797] [s.d.u.AccessJdbcHelperImpl:138] [ocalhost-startStop-1] - Database: Apache Derby 10.14.2.0 - (1828579). Driver: Apache Derby Embedded JDBC Driver 10.14.2.0 - (1828579)
2020-05-04T19:12:03.042Z [jfac ] [INFO ] [2bdf88d784109797] [s.d.u.AccessJdbcHelperImpl:141] [ocalhost-startStop-1] - Connection URL: jdbc:derby:/opt/jfrog/artifactory/var/data/access/derby
2020-05-04T19:12:04.494Z [jfac ] [INFO ] [2bdf88d784109797] [alConfigurationServiceBase:182] [ocalhost-startStop-1] - Loading configuration from db finished successfully
2020-05-04T19:12:05.175Z [jfac ] [INFO ] [2bdf88d784109797] [.h.AccessNodeIdProviderImpl:69] [ocalhost-startStop-1] - Service id initialized: jfac@01e7gh1jzpjqf611kj5rvk1nkt
2020-05-04T19:12:06.227Z [jfac ] [INFO ] [2bdf88d784109797] [j.a.s.s.t.TokenServiceImpl:106] [ocalhost-startStop-1] - Scheduling task for revoking expired tokens using cron expression: 0 0 0/1 * * ?
2020-05-04T19:12:07.323Z [jfac ] [INFO ] [2bdf88d784109797] [.AccessServerBootstrapImpl:124] [ocalhost-startStop-1] - [ACCESS BOOTSTRAP] Starting JFrog Access bootstrap...
2020-05-04T19:12:08.566Z [jfac ] [INFO ] [2bdf88d784109797] [o.j.a.s.r.s.GrpcServerImpl:62 ] [ocalhost-startStop-1] - Starting gRPC Server on port 8045
2020-05-04T19:12:08.857Z [jfac ] [INFO ] [2bdf88d784109797] [o.j.a.s.r.s.GrpcServerImpl:80 ] [ocalhost-startStop-1] - gRPC Server started, listening on 8045
2020-05-04T19:12:09.518Z [jfac ] [INFO ] [2bdf88d784109797] [.AccessServerBootstrapImpl:143] [ocalhost-startStop-1] - [ACCESS BOOTSTRAP] JFrog Access bootstrap finished.
2020-05-04T19:12:11.348Z [jfac ] [INFO ] [2bdf88d784109797] [o.j.a.s.s.JoinKeyAccess:166   ] [ocalhost-startStop-1] - Cluster join: Join key loaded successfully (from: /opt/jfrog/artifactory/var/etc/security/join.key)
2020-05-04T19:12:11.572Z [jfac ] [INFO ] [cdba298aa318d2e2] [a.c.RefreshableScheduledJob:53] [ocalhost-startStop-1] - Scheduling heartbeat task to run every 5 seconds
2020-05-04T19:12:11.586Z [jfac ] [INFO ] [cdba298aa318d2e2] [a.c.RefreshableScheduledJob:53] [ocalhost-startStop-1] - Scheduling federationCleanupService task to run every 1209600 seconds
2020-05-04T19:12:11.637Z [jfac ] [INFO ] [1abbe529b1ff4ee5] [a.c.RefreshableScheduledJob:53] [ocalhost-startStop-1] - Scheduling loadCertificates task to run every 30 seconds
2020-05-04T19:12:11.678Z [jfac ] [INFO ] [1abbe529b1ff4ee5] [a.c.RefreshableScheduledJob:53] [ocalhost-startStop-1] - Scheduling staleTokenCleanup task to run every 3600 seconds
2020-05-04T19:12:14.334Z [jfac ] [INFO ] [1abbe529b1ff4ee5] [o.j.a.AccessApplication:59    ] [ocalhost-startStop-1] - Started AccessApplication in 24.72 seconds (JVM running for 30.205)
2020-05-04T19:12:16.931Z [jfac ] [INFO ] [28f682019b9d7101] [s.r.NodeRegistryServiceImpl:63] [http-nio-8040-exec-2] - Cluster join: Successfully joined jfrou@01e7gh1vnsmkrfkfs5bjywmka9 with node id 8c82f15967bb
2020-05-04T19:12:18.927Z [jfac ] [WARN ] [2bdf88d784109797] [o.j.c.ExecutionUtils:141      ] [pool-6-thread-2     ] - Retry 20 Elapsed 9.43 secs failed: Registration with router on URL http://localhost:8046 failed with error: UNAVAILABLE: io exception. Trying again
2020-05-04T19:12:20.083Z [jfac ] [INFO ] [2bdf88d784109797] [.AccessWithRouterRegistrar:106] [pool-6-thread-2     ] - Access Server successfully registered on Router on URL: http://localhost:8046
2020-05-04T19:12:21.871Z [jfac ] [INFO ] [2bdf88d784109797] [.AccessServerBootstrapImpl:178] [pool-6-thread-2     ] - [ACCESS BOOTSTRAP] Updating server '8c82f15967bb' private key finger print to: 4ee2f569a7ee1ce5036c289cde93e3b405184d282e51ff06c3482a3d5fb68cff ca private key finger print to: 293e5eadc730f18863f25eedf8415262f7cffb61aa3f510df6209a1dd223586e
2020-05-04T19:12:22.274Z [jfac ] [INFO ] [1add348f78941074] [s.r.NodeRegistryServiceImpl:63] [http-nio-8040-exec-6] - Cluster join: Successfully joined jfrt@01e7gh2d0pr6jb13k3zmwt0tvb with node id 8c82f15967bb
2020-05-04T19:12:22.285Z [jfac ] [INFO ] [6db1bd188b79b84b] [s.r.NodeRegistryServiceImpl:63] [http-nio-8040-exec-8] - Cluster join: Successfully joined jfmd@01e7gh1za6qz2t4vmqtcnbe4vr with node id 8c82f15967bb
2020-05-04T19:12:35.310Z [jfac ] [INFO ] [525783b32676d92d] [s.r.NodeRegistryServiceImpl:63] [http-nio-8040-exec-6] - Cluster join: Successfully joined jffe@000 with node id 8c82f15967bb
2020-05-04T19:12:42.413Z [jfac ] [INFO ] [                ] [alConfigurationServiceBase:182] [c-default-executor-0] - Loading configuration from db finished successfully
2020-05-04T19:17:22.514Z [jfac ] [INFO ] [1c8a09ca196fa269] [.r.s.RpcPermissionResource:196] [jf-access-task1     ] - server identified client canceled subscription
2020-05-04T19:22:23.570Z [jfac ] [INFO ] [dadcc7728bea33f7] [.r.s.RpcPermissionResource:196] [jf-access-task1     ] - server identified client canceled subscription
2020-05-04T19:27:25.713Z [jfac ] [INFO ] [65671df1aafeb9fc] [.r.s.RpcPermissionResource:196] [jf-access-task1     ] - server identified client canceled subscription
2020-05-04T19:32:22.698Z [jfac ] [INFO ] [e6ba12988e931445] [.r.s.RpcPermissionResource:196] [jf-access-task1     ] - server identified client canceled subscription
2020-05-04T19:37:23.784Z [jfac ] [INFO ] [e728d7b7f266a89 ] [.r.s.RpcPermissionResource:196] [jf-access-task1     ] - server identified client canceled subscription
2020-05-04T19:42:24.795Z [jfac ] [INFO ] [17d4c93eb5ece90e] [.r.s.RpcPermissionResource:196] [jf-access-task1     ] - server identified client canceled subscription
2020-05-04T19:47:25.666Z [jfac ] [INFO ] [95c0aa4b3b1d0b28] [.r.s.RpcPermissionResource:196] [jf-access-task1     ] - server identified client canceled subscription
