2020-05-04T19:01:29.874Z [jfmd ] [INFO ] [63569381842bdd9 ] [security_keys.go:114          ] [main                ] - Master key is missing. Pending for 5 seconds with 2m0s timeout [init]
2020-05-04T19:01:34.950Z [jfmd ] [INFO ] [63569381842bdd9 ] [security_keys.go:114          ] [main                ] - Master key is missing. Pending for 10 seconds with 2m0s timeout [init]
2020-05-04T19:01:39.968Z [jfmd ] [INFO ] [63569381842bdd9 ] [security_keys.go:114          ] [main                ] - Master key is missing. Pending for 15 seconds with 2m0s timeout [init]
2020-05-04T19:01:44.976Z [jfmd ] [INFO ] [63569381842bdd9 ] [security_keys.go:114          ] [main                ] - Master key is missing. Pending for 20 seconds with 2m0s timeout [init]
2020-05-04T19:01:49.991Z [jfmd ] [INFO ] [63569381842bdd9 ] [security_keys.go:128          ] [main                ] - Cluster join: Join key is missing. Pending for 25 seconds with 2m0s timeout [init]
2020-05-04T19:01:55.027Z [jfmd ] [INFO ] [63569381842bdd9 ] [database_bearer.go:70         ] [main                ] - Connecting to (db config: {sqlite /opt/jfrog/artifactory/var/data/metadata/sqlite.db?_fk=yes&_busy_timeout=5000&_txlock=immediate&cache=shared}) [database]
2020-05-04T19:01:55.120Z [jfmd ] [INFO ] [63569381842bdd9 ] [migrator.go:62                ] [main                ] - Applying 36 migrations files [database]
2020-05-04T19:01:59.230Z [jfmd ] [INFO ] [63569381842bdd9 ] [migrator.go:80                ] [main                ] - Applied 128 database migrations statements [database]
2020-05-04T19:01:59.236Z [jfmd ] [INFO ] [63569381842bdd9 ] [application.go:73             ] [main                ] - Metadata (jfmd) service initialization started. Version: 2.3.8  Revision: 20308900 PID: 2902 Home: /opt/jfrog/artifactory/var [app_initializer]
2020-05-04T19:01:59.291Z [jfmd ] [INFO ] [63569381842bdd9 ] [server_bearer.go:155          ] [main                ] - Created service_id and pushed to store: jfmd@01e7gh1za6qz2t4vmqtcnbe4vr [ServerInit]
2020-05-04T19:02:04.932Z [jfmd ] [INFO ] [63569381842bdd9 ] [accessclient.go:49            ] [main                ] - Cluster join: Retry 5: Service registry ping failed, will retry. Error: Error while trying to connect to local router at address 'http://localhost:8046/access': Get http://localhost:8046/access/api/v1/system/ping: dial tcp 127.0.0.1:8046: connect: connection refused [access_client]
2020-05-04T19:02:09.978Z [jfmd ] [INFO ] [63569381842bdd9 ] [accessclient.go:49            ] [main                ] - Cluster join: Retry 10: Service registry ping failed, will retry. Error: Error while trying to connect to local router at address 'http://localhost:8046/access': Failed to access :http://localhost:8046/access/api/v1/system/ping return status code : 404 [access_client]
2020-05-04T19:02:12.993Z [jfmd ] [INFO ] [63569381842bdd9 ] [accessclient.go:49            ] [main                ] - Cluster join: Successfully joined the cluster [access_client]
2020-05-04T19:02:13.012Z [jfmd ] [INFO ] [63569381842bdd9 ] [accessclient.go:49            ] [main                ] - Executing Router register at: localhost:8046 [access_client]
2020-05-04T19:02:13.453Z [jfmd ] [INFO ] [63569381842bdd9 ] [router_middlewares.go:57      ] [main                ] - 

Go Info
========================

Hostname                                             | f85c50496f48
GOROOT                                               | /
GOPATH                                               | 
PATH                                                 | /usr/local/sbin:/usr/local/bin:/usr/sbin:/usr/bin:/sbin:/bin:/busybox:/curl:/opt/jfrog/artifactory/app/third-party/java/bin
GOMAXPROCS                                           | 3
Working Directory                                    | /opt/jfrog/artifactory/var

2020-05-04T19:02:13.531Z [jfmd ] [INFO ] [63569381842bdd9 ] [router_middlewares.go:58      ] [main                ] - 
Metadata Info
========================

Shared.NewRelic.AppName                              | 
Shared.NewRelic.LicenseKey                           | 
Shared.NewRelic.DistributedTracerEnabled             | true
Logging.Application.FilePath                         | metadata-service.log
Logging.Application.Rotation.MaxFiles                | 10
Logging.Application.Rotation.MaxAgeDays              | 365
Logging.Request.Rotation.MaxSizeMb                   | 25
Logging.Request.Rotation.MaxAgeDays                  | 365
Keys.ReadAttempts                                    | 120
Profiling.Enabled                                    | false
Shared.NewRelic.Enabled                              | false
Shared.NewRelic.EnableDebugLog                       | false
Logging.Application.Rotation.MaxSizeMb               | 25
Logging.Application.Rotation.Compress                | true
Logging.Request.FilePath                             | metadata-request.log
Logging.Request.Rotation.Compress                    | true
Port                                                 | 8086
Logging.Request.Rotation.MaxFiles                    | 10
Logging.Application.Level                            | info
Database.Type                                        | 0
AccessClient.Url                                     | http://localhost:8081/access
Keys.ReadIntervalDuration                            | 1s

2020-05-04T19:02:13.555Z [jfmd ] [INFO ] [63569381842bdd9 ] [router_middlewares.go:59      ] [main                ] - Metadata (jfmd) service initialization completed in 14.316 seconds. Listening on port: 8086 [router]
2020-05-04T19:07:19.887Z [jfmd ] [INFO ] [23dd9f5389e76891] [database_bearer.go:70         ] [main                ] - Connecting to (db config: {sqlite /opt/jfrog/artifactory/var/data/metadata/sqlite.db?_fk=yes&_busy_timeout=5000&_txlock=immediate&cache=shared}) [database]
2020-05-04T19:07:19.974Z [jfmd ] [INFO ] [23dd9f5389e76891] [migrator.go:62                ] [main                ] - Applying 36 migrations files [database]
2020-05-04T19:07:20.007Z [jfmd ] [INFO ] [23dd9f5389e76891] [application.go:73             ] [main                ] - Metadata (jfmd) service initialization started. Version: 2.3.8  Revision: 20308900 PID: 3026 Home: /opt/jfrog/artifactory/var [app_initializer]
2020-05-04T19:07:20.024Z [jfmd ] [INFO ] [23dd9f5389e76891] [server_bearer.go:153          ] [main                ] - Got service_id from datastore: jfmd@01e7gh1za6qz2t4vmqtcnbe4vr [ServerInit]
2020-05-04T19:07:24.086Z [jfmd ] [INFO ] [23dd9f5389e76891] [accessclient.go:49            ] [main                ] - Cluster join: Retry 5: Service registry ping failed, will retry. Error: Error while trying to connect to local router at address 'http://localhost:8046/access': Get http://localhost:8046/access/api/v1/system/ping: dial tcp 127.0.0.1:8046: connect: connection refused [access_client]
2020-05-04T19:07:29.111Z [jfmd ] [INFO ] [23dd9f5389e76891] [accessclient.go:49            ] [main                ] - Cluster join: Retry 10: Service registry ping failed, will retry. Error: Error while trying to connect to local router at address 'http://localhost:8046/access': Get http://localhost:8046/access/api/v1/system/ping: dial tcp 127.0.0.1:8046: connect: connection refused [access_client]
2020-05-04T19:07:34.123Z [jfmd ] [INFO ] [23dd9f5389e76891] [accessclient.go:49            ] [main                ] - Cluster join: Retry 15: Service registry ping failed, will retry. Error: Error while trying to connect to local router at address 'http://localhost:8046/access': Get http://localhost:8046/access/api/v1/system/ping: dial tcp 127.0.0.1:8046: connect: connection refused [access_client]
2020-05-04T19:07:39.128Z [jfmd ] [INFO ] [23dd9f5389e76891] [accessclient.go:49            ] [main                ] - Cluster join: Retry 20: Service registry ping failed, will retry. Error: Error while trying to connect to local router at address 'http://localhost:8046/access': Get http://localhost:8046/access/api/v1/system/ping: dial tcp 127.0.0.1:8046: connect: connection refused [access_client]
2020-05-04T19:07:44.137Z [jfmd ] [INFO ] [23dd9f5389e76891] [accessclient.go:49            ] [main                ] - Cluster join: Retry 25: Service registry ping failed, will retry. Error: Error while trying to connect to local router at address 'http://localhost:8046/access': Get http://localhost:8046/access/api/v1/system/ping: dial tcp 127.0.0.1:8046: connect: connection refused [access_client]
2020-05-04T19:07:49.168Z [jfmd ] [INFO ] [23dd9f5389e76891] [accessclient.go:49            ] [main                ] - Cluster join: Retry 30: Service registry ping failed, will retry. Error: Error while trying to connect to local router at address 'http://localhost:8046/access': Get http://localhost:8046/access/api/v1/system/ping: dial tcp 127.0.0.1:8046: connect: connection refused [access_client]
2020-05-04T19:07:54.197Z [jfmd ] [INFO ] [23dd9f5389e76891] [accessclient.go:49            ] [main                ] - Cluster join: Retry 35: Service registry ping failed, will retry. Error: Error while trying to connect to local router at address 'http://localhost:8046/access': Get http://localhost:8046/access/api/v1/system/ping: dial tcp 127.0.0.1:8046: connect: connection refused [access_client]
2020-05-04T19:07:59.235Z [jfmd ] [INFO ] [23dd9f5389e76891] [accessclient.go:49            ] [main                ] - Cluster join: Retry 40: Service registry ping failed, will retry. Error: Error while trying to connect to local router at address 'http://localhost:8046/access': Get http://localhost:8046/access/api/v1/system/ping: dial tcp 127.0.0.1:8046: connect: connection refused [access_client]
2020-05-04T19:08:04.245Z [jfmd ] [INFO ] [23dd9f5389e76891] [accessclient.go:49            ] [main                ] - Cluster join: Retry 45: Service registry ping failed, will retry. Error: Error while trying to connect to local router at address 'http://localhost:8046/access': Failed to access :http://localhost:8046/access/api/v1/system/ping return status code : 404 [access_client]
2020-05-04T19:08:06.389Z [jfmd ] [INFO ] [23dd9f5389e76891] [accessclient.go:49            ] [main                ] - Cluster join: Successfully joined the cluster [access_client]
2020-05-04T19:08:06.390Z [jfmd ] [INFO ] [23dd9f5389e76891] [accessclient.go:49            ] [main                ] - Executing Router register at: localhost:8046 [access_client]
2020-05-04T19:08:06.454Z [jfmd ] [INFO ] [23dd9f5389e76891] [router_middlewares.go:57      ] [main                ] - 

Go Info
========================

Working Directory                                    | /opt/jfrog/artifactory/var
Hostname                                             | 27f7762b598b
GOROOT                                               | /
GOPATH                                               | 
PATH                                                 | /usr/local/sbin:/usr/local/bin:/usr/sbin:/usr/bin:/sbin:/bin:/busybox:/curl:/opt/jfrog/artifactory/app/third-party/java/bin
GOMAXPROCS                                           | 3

2020-05-04T19:08:06.469Z [jfmd ] [INFO ] [23dd9f5389e76891] [router_middlewares.go:58      ] [main                ] - 
Metadata Info
========================

Shared.NewRelic.AppName                              | 
Shared.NewRelic.EnableDebugLog                       | false
Logging.Application.FilePath                         | metadata-service.log
Logging.Application.Rotation.MaxSizeMb               | 25
Logging.Application.Rotation.MaxAgeDays              | 365
Shared.NewRelic.DistributedTracerEnabled             | true
Logging.Application.Rotation.MaxFiles                | 10
Logging.Request.Rotation.MaxSizeMb                   | 25
Logging.Request.Rotation.Compress                    | true
Profiling.Enabled                                    | false
Port                                                 | 8086
Logging.Application.Rotation.Compress                | true
Database.Type                                        | 0
AccessClient.Url                                     | http://localhost:8081/access
Keys.ReadAttempts                                    | 120
Shared.NewRelic.Enabled                              | false
Shared.NewRelic.LicenseKey                           | 
Logging.Application.Level                            | info
Logging.Request.FilePath                             | metadata-request.log
Logging.Request.Rotation.MaxFiles                    | 10
Logging.Request.Rotation.MaxAgeDays                  | 365
Keys.ReadIntervalDuration                            | 1s

2020-05-04T19:08:06.473Z [jfmd ] [INFO ] [23dd9f5389e76891] [router_middlewares.go:59      ] [main                ] - Metadata (jfmd) service initialization completed in 46.465 seconds. Listening on port: 8086 [router]
2020-05-04T19:09:11.450Z [jfmd ] [INFO ] [68e066aa029332c6] [database_bearer.go:70         ] [main                ] - Connecting to (db config: {sqlite /opt/jfrog/artifactory/var/data/metadata/sqlite.db?_fk=yes&_busy_timeout=5000&_txlock=immediate&cache=shared}) [database]
2020-05-04T19:09:11.493Z [jfmd ] [INFO ] [68e066aa029332c6] [migrator.go:62                ] [main                ] - Applying 36 migrations files [database]
2020-05-04T19:09:11.501Z [jfmd ] [INFO ] [68e066aa029332c6] [application.go:73             ] [main                ] - Metadata (jfmd) service initialization started. Version: 2.3.8  Revision: 20308900 PID: 3041 Home: /opt/jfrog/artifactory/var [app_initializer]
2020-05-04T19:09:11.513Z [jfmd ] [INFO ] [68e066aa029332c6] [server_bearer.go:153          ] [main                ] - Got service_id from datastore: jfmd@01e7gh1za6qz2t4vmqtcnbe4vr [ServerInit]
2020-05-04T19:09:15.559Z [jfmd ] [INFO ] [68e066aa029332c6] [accessclient.go:49            ] [main                ] - Cluster join: Retry 5: Service registry ping failed, will retry. Error: Error while trying to connect to local router at address 'http://localhost:8046/access': Get http://localhost:8046/access/api/v1/system/ping: dial tcp 127.0.0.1:8046: connect: connection refused [access_client]
2020-05-04T19:09:20.616Z [jfmd ] [INFO ] [68e066aa029332c6] [accessclient.go:49            ] [main                ] - Cluster join: Retry 10: Service registry ping failed, will retry. Error: Error while trying to connect to local router at address 'http://localhost:8046/access': Get http://localhost:8046/access/api/v1/system/ping: dial tcp 127.0.0.1:8046: connect: connection refused [access_client]
2020-05-04T19:09:25.672Z [jfmd ] [INFO ] [68e066aa029332c6] [accessclient.go:49            ] [main                ] - Cluster join: Retry 15: Service registry ping failed, will retry. Error: Error while trying to connect to local router at address 'http://localhost:8046/access': Get http://localhost:8046/access/api/v1/system/ping: dial tcp 127.0.0.1:8046: connect: connection refused [access_client]
2020-05-04T19:09:30.686Z [jfmd ] [INFO ] [68e066aa029332c6] [accessclient.go:49            ] [main                ] - Cluster join: Retry 20: Service registry ping failed, will retry. Error: Error while trying to connect to local router at address 'http://localhost:8046/access': Get http://localhost:8046/access/api/v1/system/ping: dial tcp 127.0.0.1:8046: connect: connection refused [access_client]
2020-05-04T19:09:35.706Z [jfmd ] [INFO ] [68e066aa029332c6] [accessclient.go:49            ] [main                ] - Cluster join: Retry 25: Service registry ping failed, will retry. Error: Error while trying to connect to local router at address 'http://localhost:8046/access': Get http://localhost:8046/access/api/v1/system/ping: dial tcp 127.0.0.1:8046: connect: connection refused [access_client]
2020-05-04T19:09:40.711Z [jfmd ] [INFO ] [68e066aa029332c6] [accessclient.go:49            ] [main                ] - Cluster join: Retry 30: Service registry ping failed, will retry. Error: Error while trying to connect to local router at address 'http://localhost:8046/access': Get http://localhost:8046/access/api/v1/system/ping: dial tcp 127.0.0.1:8046: connect: connection refused [access_client]
2020-05-04T19:09:45.718Z [jfmd ] [INFO ] [68e066aa029332c6] [accessclient.go:49            ] [main                ] - Cluster join: Retry 35: Service registry ping failed, will retry. Error: Error while trying to connect to local router at address 'http://localhost:8046/access': Get http://localhost:8046/access/api/v1/system/ping: dial tcp 127.0.0.1:8046: connect: connection refused [access_client]
2020-05-04T19:09:50.727Z [jfmd ] [INFO ] [68e066aa029332c6] [accessclient.go:49            ] [main                ] - Cluster join: Retry 40: Service registry ping failed, will retry. Error: Error while trying to connect to local router at address 'http://localhost:8046/access': Failed to access :http://localhost:8046/access/api/v1/system/ping return status code : 404 [access_client]
2020-05-04T19:09:52.854Z [jfmd ] [INFO ] [68e066aa029332c6] [accessclient.go:49            ] [main                ] - Cluster join: Successfully joined the cluster [access_client]
2020-05-04T19:09:52.873Z [jfmd ] [INFO ] [68e066aa029332c6] [accessclient.go:49            ] [main                ] - Executing Router register at: localhost:8046 [access_client]
2020-05-04T19:09:52.943Z [jfmd ] [INFO ] [68e066aa029332c6] [router_middlewares.go:57      ] [main                ] - 

Go Info
========================

GOMAXPROCS                                           | 3
Working Directory                                    | /opt/jfrog/artifactory/var
Hostname                                             | 41cfea491b81
GOROOT                                               | /
GOPATH                                               | 
PATH                                                 | /usr/local/sbin:/usr/local/bin:/usr/sbin:/usr/bin:/sbin:/bin:/busybox:/curl:/opt/jfrog/artifactory/app/third-party/java/bin

2020-05-04T19:09:52.944Z [jfmd ] [INFO ] [68e066aa029332c6] [router_middlewares.go:58      ] [main                ] - 
Metadata Info
========================

Shared.NewRelic.LicenseKey                           | 
Logging.Application.Rotation.MaxAgeDays              | 365
AccessClient.Url                                     | http://localhost:8081/access
Keys.ReadIntervalDuration                            | 1s
Port                                                 | 8086
Shared.NewRelic.DistributedTracerEnabled             | true
Logging.Application.FilePath                         | metadata-service.log
Logging.Application.Rotation.MaxSizeMb               | 25
Database.Type                                        | 0
Logging.Request.Rotation.Compress                    | true
Profiling.Enabled                                    | false
Shared.NewRelic.Enabled                              | false
Shared.NewRelic.AppName                              | 
Shared.NewRelic.EnableDebugLog                       | false
Logging.Application.Rotation.MaxFiles                | 10
Logging.Application.Rotation.Compress                | true
Logging.Application.Level                            | info
Logging.Request.FilePath                             | metadata-request.log
Logging.Request.Rotation.MaxSizeMb                   | 25
Logging.Request.Rotation.MaxFiles                    | 10
Logging.Request.Rotation.MaxAgeDays                  | 365
Keys.ReadAttempts                                    | 120

2020-05-04T19:09:52.954Z [jfmd ] [INFO ] [68e066aa029332c6] [router_middlewares.go:59      ] [main                ] - Metadata (jfmd) service initialization completed in 41.450 seconds. Listening on port: 8086 [router]
2020-05-04T19:10:48.227Z [jfmd ] [INFO ] [40e1d64d15852942] [database_bearer.go:70         ] [main                ] - Connecting to (db config: {sqlite /opt/jfrog/artifactory/var/data/metadata/sqlite.db?_fk=yes&_busy_timeout=5000&_txlock=immediate&cache=shared}) [database]
2020-05-04T19:10:48.304Z [jfmd ] [INFO ] [40e1d64d15852942] [migrator.go:62                ] [main                ] - Applying 36 migrations files [database]
2020-05-04T19:10:48.319Z [jfmd ] [INFO ] [40e1d64d15852942] [application.go:73             ] [main                ] - Metadata (jfmd) service initialization started. Version: 2.3.8  Revision: 20308900 PID: 3033 Home: /opt/jfrog/artifactory/var [app_initializer]
2020-05-04T19:10:48.334Z [jfmd ] [INFO ] [40e1d64d15852942] [server_bearer.go:153          ] [main                ] - Got service_id from datastore: jfmd@01e7gh1za6qz2t4vmqtcnbe4vr [ServerInit]
2020-05-04T19:10:52.377Z [jfmd ] [INFO ] [40e1d64d15852942] [accessclient.go:49            ] [main                ] - Cluster join: Retry 5: Service registry ping failed, will retry. Error: Error while trying to connect to local router at address 'http://localhost:8046/access': Get http://localhost:8046/access/api/v1/system/ping: dial tcp 127.0.0.1:8046: connect: connection refused [access_client]
2020-05-04T19:11:43.931Z [jfmd ] [INFO ] [3d23416e25cad115] [database_bearer.go:70         ] [main                ] - Connecting to (db config: {sqlite /opt/jfrog/artifactory/var/data/metadata/sqlite.db?_fk=yes&_busy_timeout=5000&_txlock=immediate&cache=shared}) [database]
2020-05-04T19:11:43.984Z [jfmd ] [INFO ] [3d23416e25cad115] [migrator.go:62                ] [main                ] - Applying 36 migrations files [database]
2020-05-04T19:11:44.001Z [jfmd ] [INFO ] [3d23416e25cad115] [application.go:73             ] [main                ] - Metadata (jfmd) service initialization started. Version: 2.3.8  Revision: 20308900 PID: 3041 Home: /opt/jfrog/artifactory/var [app_initializer]
2020-05-04T19:11:44.011Z [jfmd ] [INFO ] [3d23416e25cad115] [server_bearer.go:153          ] [main                ] - Got service_id from datastore: jfmd@01e7gh1za6qz2t4vmqtcnbe4vr [ServerInit]
2020-05-04T19:11:48.077Z [jfmd ] [INFO ] [3d23416e25cad115] [accessclient.go:49            ] [main                ] - Cluster join: Retry 5: Service registry ping failed, will retry. Error: Error while trying to connect to local router at address 'http://localhost:8046/access': Get http://localhost:8046/access/api/v1/system/ping: dial tcp 127.0.0.1:8046: connect: connection refused [access_client]
2020-05-04T19:11:53.103Z [jfmd ] [INFO ] [3d23416e25cad115] [accessclient.go:49            ] [main                ] - Cluster join: Retry 10: Service registry ping failed, will retry. Error: Error while trying to connect to local router at address 'http://localhost:8046/access': Get http://localhost:8046/access/api/v1/system/ping: dial tcp 127.0.0.1:8046: connect: connection refused [access_client]
2020-05-04T19:11:58.125Z [jfmd ] [INFO ] [3d23416e25cad115] [accessclient.go:49            ] [main                ] - Cluster join: Retry 15: Service registry ping failed, will retry. Error: Error while trying to connect to local router at address 'http://localhost:8046/access': Get http://localhost:8046/access/api/v1/system/ping: dial tcp 127.0.0.1:8046: connect: connection refused [access_client]
2020-05-04T19:12:03.133Z [jfmd ] [INFO ] [3d23416e25cad115] [accessclient.go:49            ] [main                ] - Cluster join: Retry 20: Service registry ping failed, will retry. Error: Error while trying to connect to local router at address 'http://localhost:8046/access': Get http://localhost:8046/access/api/v1/system/ping: dial tcp 127.0.0.1:8046: connect: connection refused [access_client]
2020-05-04T19:12:08.137Z [jfmd ] [INFO ] [3d23416e25cad115] [accessclient.go:49            ] [main                ] - Cluster join: Retry 25: Service registry ping failed, will retry. Error: Error while trying to connect to local router at address 'http://localhost:8046/access': Get http://localhost:8046/access/api/v1/system/ping: dial tcp 127.0.0.1:8046: connect: connection refused [access_client]
2020-05-04T19:12:13.157Z [jfmd ] [INFO ] [3d23416e25cad115] [accessclient.go:49            ] [main                ] - Cluster join: Retry 30: Service registry ping failed, will retry. Error: Error while trying to connect to local router at address 'http://localhost:8046/access': Get http://localhost:8046/access/api/v1/system/ping: dial tcp 127.0.0.1:8046: connect: connection refused [access_client]
2020-05-04T19:12:18.163Z [jfmd ] [INFO ] [3d23416e25cad115] [accessclient.go:49            ] [main                ] - Cluster join: Retry 35: Service registry ping failed, will retry. Error: Error while trying to connect to local router at address 'http://localhost:8046/access': Failed to access :http://localhost:8046/access/api/v1/system/ping return status code : 404 [access_client]
2020-05-04T19:12:22.308Z [jfmd ] [INFO ] [3d23416e25cad115] [accessclient.go:49            ] [main                ] - Cluster join: Successfully joined the cluster [access_client]
2020-05-04T19:12:22.308Z [jfmd ] [INFO ] [3d23416e25cad115] [accessclient.go:49            ] [main                ] - Executing Router register at: localhost:8046 [access_client]
2020-05-04T19:12:22.402Z [jfmd ] [INFO ] [3d23416e25cad115] [router_middlewares.go:57      ] [main                ] - 

Go Info
========================

Working Directory                                    | /opt/jfrog/artifactory/var
Hostname                                             | 8c82f15967bb
GOROOT                                               | /
GOPATH                                               | 
PATH                                                 | /usr/local/sbin:/usr/local/bin:/usr/sbin:/usr/bin:/sbin:/bin:/busybox:/curl:/opt/jfrog/artifactory/app/third-party/java/bin
GOMAXPROCS                                           | 3

2020-05-04T19:12:22.405Z [jfmd ] [INFO ] [3d23416e25cad115] [router_middlewares.go:58      ] [main                ] - 
Metadata Info
========================

Keys.ReadAttempts                                    | 120
Port                                                 | 8086
Logging.Application.Rotation.MaxAgeDays              | 365
Logging.Request.Rotation.Compress                    | true
AccessClient.Url                                     | http://localhost:8081/access
Shared.NewRelic.DistributedTracerEnabled             | true
Logging.Application.Level                            | info
Logging.Application.Rotation.MaxFiles                | 10
Logging.Request.FilePath                             | metadata-request.log
Profiling.Enabled                                    | false
Shared.NewRelic.Enabled                              | false
Shared.NewRelic.LicenseKey                           | 
Shared.NewRelic.EnableDebugLog                       | false
Logging.Request.Rotation.MaxAgeDays                  | 365
Database.Type                                        | 0
Keys.ReadIntervalDuration                            | 1s
Shared.NewRelic.AppName                              | 
Logging.Application.Rotation.MaxSizeMb               | 25
Logging.Application.Rotation.Compress                | true
Logging.Application.FilePath                         | metadata-service.log
Logging.Request.Rotation.MaxSizeMb                   | 25
Logging.Request.Rotation.MaxFiles                    | 10

2020-05-04T19:12:22.407Z [jfmd ] [INFO ] [3d23416e25cad115] [router_middlewares.go:59      ] [main                ] - Metadata (jfmd) service initialization completed in 38.402 seconds. Listening on port: 8086 [router]
